<?xml version="1.0" encoding="UTF-8"?>
<testng-results ignored="0" total="1" passed="1" failed="0" skipped="0">
  <reporter-output>
  </reporter-output>
  <suite started-at="2025-04-11T14:47:35 EDT" name="Default suite" finished-at="2025-04-11T14:47:45 EDT" duration-ms="10076">
    <groups>
    </groups>
    <test started-at="2025-04-11T14:47:35 EDT" name="Default test" finished-at="2025-04-11T14:47:45 EDT" duration-ms="10076">
      <class name="day14.HandleWebTable">
        <test-method is-config="true" signature="Before()[pri:0, instance:day14.HandleWebTable@7770f470]" started-at="2025-04-11T14:47:35 EDT" name="Before" finished-at="2025-04-11T14:47:45 EDT" duration-ms="9957" status="PASS">
          <reporter-output>
          </reporter-output>
        </test-method> <!-- Before -->
        <test-method signature="verifyHeaders()[pri:0, instance:day14.HandleWebTable@7770f470]" started-at="2025-04-11T14:47:45 EDT" name="verifyHeaders" finished-at="2025-04-11T14:47:45 EDT" duration-ms="71" status="PASS">
          <reporter-output>
          </reporter-output>
        </test-method> <!-- verifyHeaders -->
      </class> <!-- day14.HandleWebTable -->
    </test> <!-- Default test -->
  </suite> <!-- Default suite -->
</testng-results>
